<?xml version="1.0" encoding="UTF-8"?>
<!-- Generated by org.testng.reporters.JUnitXMLReporter -->
<testsuite hostname="bhawna-atl" name="Test" tests="11" failures="2" timestamp="12 Feb 2020 06:28:42 GMT" time="67.127" errors="0">
  <testcase name="ClickonGoogleloginbutton" time="5.161" classname="Testcases.googleuserlogin"/>
  <testcase name="When_ValidUserNameAndPassword_Expect_LoginPass" time="12.977" classname="Testcases.googleuserlogin"/>
  <testcase name="When_SearchMeeting" time="23.675" classname="Testcases.googleuserlogin"/>
  <testcase name="when_verifying_AgendaTitle" time="5.067" classname="Testcases.googleuserlogin"/>
  <testcase name="Verify_meetingtile_on_central_panel" time="0.031" classname="Testcases.Verificationmeetingdetails"/>
  <testcase name="Verify_agenda__no_after_Agenda_creation_in_current_meeting_detail" time="5.074" classname="Testcases.Verificationmeetingdetails"/>
  <testcase name="Verify_task_no_aftertaskcreation_in_current_meeting_detail" time="0.035" classname="Testcases.Verificationmeetingdetails"/>
  <testcase name="Verify_decision_no_afterdecisioncreation_in_current_meeting_detail" time="0.028" classname="Testcases.Verificationmeetingdetails"/>
  <testcase name="when_verifying_AgendaTitle" time="0.031" classname="Testcases.Verificationmeetingdetails"/>
  <testcase name="Verify_loginAc_is_organiser" time="0.025" classname="Testcases.Verificationmeetingdetails">
    <failure type="java.lang.AssertionError" message="expected [test01@yopmail.com] but found [T test01@yopmail.com]">
      <![CDATA[java.lang.AssertionError: expected [test01@yopmail.com] but found [T test01@yopmail.com]
	at Testcases.Verificationmeetingdetails.Verify_loginAc_is_organiser(Verificationmeetingdetails.java:82)
... Removed 30 stack frames]]>
    </failure>
  </testcase> <!-- Verify_loginAc_is_organiser -->
  <testcase name="Logout" time="15.004" classname="Testcases.Verificationmeetingdetails">
    <failure type="org.openqa.selenium.WebDriverException" message="java.net.SocketTimeoutException: Read timed out
Build info: version: &amp;apos;3.4.0&amp;apos;, revision: &amp;apos;unknown&amp;apos;, time: &amp;apos;unknown&amp;apos;
System info: host: &amp;apos;BHAWNA-ATL&amp;apos;, ip: &amp;apos;192.168.64.1&amp;apos;, os.name: &amp;apos;Windows 10&amp;apos;, os.arch: &amp;apos;amd64&amp;apos;, os.version: &amp;apos;10.0&amp;apos;, java.version: &amp;apos;1.8.0_121&amp;apos;
Driver info: driver.version: RemoteWebDriver">
      <![CDATA[org.openqa.selenium.WebDriverException: java.net.SocketTimeoutException: Read timed out
Build info: version: '3.4.0', revision: 'unknown', time: 'unknown'
System info: host: 'BHAWNA-ATL', ip: '192.168.64.1', os.name: 'Windows 10', os.arch: 'amd64', os.version: '10.0', java.version: '1.8.0_121'
Driver info: driver.version: RemoteWebDriver
	at org.openqa.selenium.remote.service.DriverCommandExecutor.execute(DriverCommandExecutor.java:92)
	at org.openqa.selenium.remote.RemoteWebDriver.execute(RemoteWebDriver.java:601)
	at org.openqa.selenium.remote.RemoteWebDriver.findElement(RemoteWebDriver.java:371)
	at org.openqa.selenium.remote.RemoteWebDriver.findElementByXPath(RemoteWebDriver.java:473)
	at org.openqa.selenium.By$ByXPath.findElement(By.java:361)
	at org.openqa.selenium.remote.RemoteWebDriver.findElement(RemoteWebDriver.java:363)
	at org.openqa.selenium.support.pagefactory.DefaultElementLocator.findElement(DefaultElementLocator.java:69)
	at org.openqa.selenium.support.pagefactory.internal.LocatingElementHandler.invoke(LocatingElementHandler.java:38)
	at com.sun.proxy.$Proxy8.click(Unknown Source)
	at Pages.createmeeting.profile(createmeeting.java:133)
	at Testcases.Verificationmeetingdetails.Logout(Verificationmeetingdetails.java:92)
Caused by: java.net.SocketTimeoutException: Read timed out
	at java.net.SocketInputStream.socketRead0(Native Method)
	at java.net.SocketInputStream.socketRead(SocketInputStream.java:116)
	at java.net.SocketInputStream.read(SocketInputStream.java:171)
	at java.net.SocketInputStream.read(SocketInputStream.java:141)
	at okio.Okio$2.read(Okio.java:139)
	at okio.AsyncTimeout$2.read(AsyncTimeout.java:237)
	at okio.RealBufferedSource.indexOf(RealBufferedSource.java:345)
	at okio.RealBufferedSource.readUtf8LineStrict(RealBufferedSource.java:217)
	at okhttp3.internal.http1.Http1Codec.readHeaderLine(Http1Codec.java:212)
	at okhttp3.internal.http1.Http1Codec.readResponseHeaders(Http1Codec.java:189)
	at okhttp3.internal.http.CallServerInterceptor.intercept(CallServerInterceptor.java:88)
	at okhttp3.internal.http.RealInterceptorChain.proceed(RealInterceptorChain.java:147)
	at okhttp3.internal.connection.ConnectInterceptor.intercept(ConnectInterceptor.java:45)
	at okhttp3.internal.http.RealInterceptorChain.proceed(RealInterceptorChain.java:147)
	at okhttp3.internal.http.RealInterceptorChain.proceed(RealInterceptorChain.java:121)
	at okhttp3.internal.cache.CacheInterceptor.intercept(CacheInterceptor.java:93)
	at okhttp3.internal.http.RealInterceptorChain.proceed(RealInterceptorChain.java:147)
	at okhttp3.internal.http.RealInterceptorChain.proceed(RealInterceptorChain.java:121)
	at okhttp3.internal.http.BridgeInterceptor.intercept(BridgeInterceptor.java:93)
	at okhttp3.internal.http.RealInterceptorChain.proceed(RealInterceptorChain.java:147)
	at okhttp3.internal.http.RetryAndFollowUpInterceptor.intercept(RetryAndFollowUpInterceptor.java:125)
	at okhttp3.internal.http.RealInterceptorChain.proceed(RealInterceptorChain.java:147)
	at okhttp3.internal.http.RealInterceptorChain.proceed(RealInterceptorChain.java:121)
	at okhttp3.RealCall.getResponseWithInterceptorChain(RealCall.java:200)
	at okhttp3.RealCall.execute(RealCall.java:77)
	at org.openqa.selenium.remote.internal.OkHttpClient.execute(OkHttpClient.java:97)
	at org.openqa.selenium.remote.internal.OkHttpClient.execute(OkHttpClient.java:47)
	at org.openqa.selenium.remote.HttpCommandExecutor.execute(HttpCommandExecutor.java:157)
	at org.openqa.selenium.remote.service.DriverCommandExecutor.execute(DriverCommandExecutor.java:83)
	... 35 more
... Removed 25 stack frames]]>
    </failure>
  </testcase> <!-- Logout -->
</testsuite> <!-- Test -->
