<?xml version="1.0" encoding="UTF-8"?>
<!-- Generated by org.testng.reporters.JUnitXMLReporter -->
<testsuite ignored="0" hostname="DESKTOP-LFIFIDN" failures="10" tests="10" name="Test" time="34.622" errors="0" timestamp="2020-09-03T20:28:00 IST">
  <testcase classname="Testcases.usercases" name="Move_to_User" time="0.024">
    <failure type="java.lang.NullPointerException">
      <![CDATA[java.lang.NullPointerException
at java.base/java.util.Objects.requireNonNull(Objects.java:222)
at org.openqa.selenium.interactions.Actions.<init>(Actions.java:66)
at Pages.user.CreateUser(user.java:117)
at Testcases.usercases.Move_to_User(usercases.java:24)
at java.base/java.util.ArrayList.forEach(ArrayList.java:1510)
... Removed 27 stack frames]]>
    </failure>
  </testcase> <!-- Move_to_User -->
  <testcase classname="Testcases.apicases" name="Move_to_APIUser" time="0.003">
    <failure type="java.lang.NullPointerException">
      <![CDATA[java.lang.NullPointerException
at org.openqa.selenium.support.pagefactory.DefaultElementLocator.findElement(DefaultElementLocator.java:69)
at org.openqa.selenium.support.pagefactory.internal.LocatingElementHandler.invoke(LocatingElementHandler.java:38)
at com.sun.proxy.$Proxy11.click(Unknown Source)
at Pages.apiuser.APIUser(apiuser.java:92)
at Testcases.apicases.Move_to_APIUser(apicases.java:26)
at java.base/java.util.ArrayList.forEach(ArrayList.java:1510)
... Removed 27 stack frames]]>
    </failure>
  </testcase> <!-- Move_to_APIUser -->
  <testcase classname="Testcases.dashboardcases" name="Move_to_Dashboard" time="0.004">
    <failure type="java.lang.NullPointerException">
      <![CDATA[java.lang.NullPointerException
at java.base/java.util.Objects.requireNonNull(Objects.java:222)
at org.openqa.selenium.interactions.Actions.<init>(Actions.java:66)
at Pages.dashboard.Dashboard(dashboard.java:77)
at Testcases.dashboardcases.Move_to_Dashboard(dashboardcases.java:22)
at java.base/java.util.ArrayList.forEach(ArrayList.java:1510)
... Removed 27 stack frames]]>
    </failure>
  </testcase> <!-- Move_to_Dashboard -->
  <testcase classname="Testcases.hierarchicaldashboardcases" name="Hierarchical_Dashboard" time="0.003">
    <failure type="java.lang.NullPointerException">
      <![CDATA[java.lang.NullPointerException
at java.base/java.util.Objects.requireNonNull(Objects.java:222)
at org.openqa.selenium.interactions.Actions.<init>(Actions.java:66)
at Pages.hierarchicaldashboard.HierarchicalDashboard(hierarchicaldashboard.java:64)
at Testcases.hierarchicaldashboardcases.Hierarchical_Dashboard(hierarchicaldashboardcases.java:21)
at java.base/java.util.ArrayList.forEach(ArrayList.java:1510)
... Removed 27 stack frames]]>
    </failure>
  </testcase> <!-- Hierarchical_Dashboard -->
  <testcase classname="Testcases.roleandaccesscases" name="Move_to_RoleAndAccess" time="0.004">
    <failure type="java.lang.NullPointerException">
      <![CDATA[java.lang.NullPointerException
at org.openqa.selenium.support.pagefactory.DefaultElementLocator.findElement(DefaultElementLocator.java:69)
at org.openqa.selenium.support.pagefactory.internal.LocatingElementHandler.invoke(LocatingElementHandler.java:38)
at com.sun.proxy.$Proxy11.click(Unknown Source)
at Pages.roleandaccess.RoleAndAccess(roleandaccess.java:96)
at Testcases.roleandaccesscases.Move_to_RoleAndAccess(roleandaccesscases.java:24)
at java.base/java.util.ArrayList.forEach(ArrayList.java:1510)
... Removed 27 stack frames]]>
    </failure>
  </testcase> <!-- Move_to_RoleAndAccess -->
  <testcase classname="Testcases.groupcases" name="Move_to_Group" time="0.003">
    <failure type="java.lang.NullPointerException">
      <![CDATA[java.lang.NullPointerException
at org.openqa.selenium.support.pagefactory.DefaultElementLocator.findElement(DefaultElementLocator.java:69)
at org.openqa.selenium.support.pagefactory.internal.LocatingElementHandler.invoke(LocatingElementHandler.java:38)
at com.sun.proxy.$Proxy11.click(Unknown Source)
at Pages.group.Group(group.java:71)
at Testcases.groupcases.Move_to_Group(groupcases.java:24)
at java.base/java.util.ArrayList.forEach(ArrayList.java:1510)
... Removed 27 stack frames]]>
    </failure>
  </testcase> <!-- Move_to_Group -->
  <testcase classname="Testcases.logincases" name="When_ValidUserNameAndPassword_Expect_LoginPass" time="0.004">
    <failure type="java.lang.NullPointerException">
      <![CDATA[java.lang.NullPointerException
at org.openqa.selenium.support.pagefactory.DefaultElementLocator.findElement(DefaultElementLocator.java:69)
at org.openqa.selenium.support.pagefactory.internal.LocatingElementHandler.invoke(LocatingElementHandler.java:38)
at com.sun.proxy.$Proxy11.clear(Unknown Source)
at Pages.loginpage.User_login(loginpage.java:45)
at Testcases.logincases.When_ValidUserNameAndPassword_Expect_LoginPass(logincases.java:35)
at java.base/java.util.ArrayList.forEach(ArrayList.java:1510)
... Removed 27 stack frames]]>
    </failure>
  </testcase> <!-- When_ValidUserNameAndPassword_Expect_LoginPass -->
  <testcase classname="Testcases.simaliasuploadcases" name="SimAliasupload" time="0.003">
    <failure type="java.lang.NullPointerException">
      <![CDATA[java.lang.NullPointerException
at org.openqa.selenium.support.pagefactory.DefaultElementLocator.findElement(DefaultElementLocator.java:69)
at org.openqa.selenium.support.pagefactory.internal.LocatingElementHandler.invoke(LocatingElementHandler.java:38)
at com.sun.proxy.$Proxy11.click(Unknown Source)
at Pages.simaliasupload.SimAliasUpload(simaliasupload.java:43)
at Testcases.simaliasuploadcases.SimAliasupload(simaliasuploadcases.java:24)
at java.base/java.util.ArrayList.forEach(ArrayList.java:1510)
... Removed 27 stack frames]]>
    </failure>
  </testcase> <!-- SimAliasupload -->
  <testcase classname="Testcases.simallocationcases" name="Simallocation" time="0.002">
    <failure type="java.lang.NullPointerException">
      <![CDATA[java.lang.NullPointerException
at org.openqa.selenium.support.pagefactory.DefaultElementLocator.findElement(DefaultElementLocator.java:69)
at org.openqa.selenium.support.pagefactory.internal.LocatingElementHandler.invoke(LocatingElementHandler.java:38)
at com.sun.proxy.$Proxy11.click(Unknown Source)
at Pages.simallocation.SimAllocation(simallocation.java:55)
at Testcases.simallocationcases.Simallocation(simallocationcases.java:22)
at java.base/java.util.ArrayList.forEach(ArrayList.java:1510)
... Removed 27 stack frames]]>
    </failure>
  </testcase> <!-- Simallocation -->
  <testcase classname="Testcases.managesimscases" name="ManageSIMS" time="0.004">
    <failure type="java.lang.NullPointerException">
      <![CDATA[java.lang.NullPointerException
at java.base/java.util.Objects.requireNonNull(Objects.java:222)
at org.openqa.selenium.interactions.Actions.<init>(Actions.java:66)
at Pages.managesims.ManageSims(managesims.java:135)
at Testcases.managesimscases.ManageSIMS(managesimscases.java:24)
at java.base/java.util.ArrayList.forEach(ArrayList.java:1510)
... Removed 27 stack frames]]>
    </failure>
  </testcase> <!-- ManageSIMS -->
</testsuite> <!-- Test -->
